Added Component: Designator=P1(UJ31-CH-31N-SMT-TR)
Add component (AddParameter): Name = "Datasheet"; Value = "https://www.cuidevices.com/product/resource/uj31-ch-smt.pdf"; VariantName = "[No Variations]"
Add component (AddParameter): Name = "Manufacturer"; Value = "CUI Devices"; VariantName = "[No Variations]"
Add component (AddParameter): Name = "P/N"; Value = "UJ31-CH-31N-SMT-TR"; VariantName = "[No Variations]"
Add Pin To Net: Unknown Pin: Pin A?-1
Add Pin To Net: Unknown Pin: Pin A?-2
Add Pin To Net: Unknown Pin: Pin A?-5
Add Pin To Net: Unknown Pin: Pin A?-8
Add Pin To Net: Unknown Pin: Pin A?-9
Add Pin To Net: Unknown Pin: Pin A?-14
Add Pin To Net: Unknown Pin: Pin A?-16
Add Pin To Net: Unknown Pin: Pin C?-1
Add Pin To Net: Unknown Pin: Pin C?-1
Add Pin To Net: Unknown Pin: Pin C?-1
Add Pin To Net: Unknown Pin: Pin C?-1
Add Pin To Net: Unknown Pin: Pin C?-1
Add Pin To Net: Unknown Pin: Pin C?-1
Add Pin To Net: Unknown Pin: Pin C?-2
Add Pin To Net: Unknown Pin: Pin C?-2
Add Pin To Net: Unknown Pin: Pin C?-2
Add Pin To Net: Unknown Pin: Pin D1-1
Add Pin To Net: Unknown Pin: Pin D1-2
Add Pin To Net: Unknown Pin: Pin D1-3
Add Pin To Net: Unknown Pin: Pin D1-4
Add Pin To Net: Unknown Pin: Pin D1-5
Add Pin To Net: Unknown Pin: Pin D1-6
Add Pin To Net: Unknown Pin: Pin D1-7
Add Pin To Net: Unknown Pin: Pin D1-8
Add Pin To Net: Unknown Pin: Pin D1-9
Add Pin To Net: Unknown Pin: Pin D1-10
Add Pin To Net: Unknown Pin: Pin D1-11
Add Pin To Net: Unknown Pin: Pin D1-12
Add Pin To Net: Unknown Pin: Pin D1-14
Add Pin To Net: Unknown Pin: Pin D1-15
Add Pin To Net: Unknown Pin: Pin D1-16
Add Pin To Net: Unknown Pin: Pin D1-17
Add Pin To Net: Unknown Pin: Pin D1-19
Add Pin To Net: Unknown Pin: Pin D1-20
Add Pin To Net: Unknown Pin: Pin D2-1
Add Pin To Net: Unknown Pin: Pin D2-2
Add Pin To Net: Unknown Pin: Pin D2-3
Add Pin To Net: Unknown Pin: Pin D2-4
Add Pin To Net: Unknown Pin: Pin D2-5
Add Pin To Net: Unknown Pin: Pin D2-6
Add Pin To Net: Unknown Pin: Pin D2-7
Add Pin To Net: Unknown Pin: Pin D2-8
Add Pin To Net: Unknown Pin: Pin D2-9
Add Pin To Net: Unknown Pin: Pin D2-10
Add Pin To Net: Unknown Pin: Pin D2-11
Add Pin To Net: Unknown Pin: Pin D2-12
Add Pin To Net: Unknown Pin: Pin D2-14
Add Pin To Net: Unknown Pin: Pin D2-15
Add Pin To Net: Unknown Pin: Pin D2-16
Add Pin To Net: Unknown Pin: Pin D2-17
Add Pin To Net: Unknown Pin: Pin D2-19
Add Pin To Net: Unknown Pin: Pin D2-20
Add Pin To Net: Unknown Pin: Pin D3-1
Add Pin To Net: Unknown Pin: Pin D3-2
Add Pin To Net: Unknown Pin: Pin D3-3
Add Pin To Net: Unknown Pin: Pin D3-4
Add Pin To Net: Unknown Pin: Pin D3-5
Add Pin To Net: Unknown Pin: Pin D3-6
Add Pin To Net: Unknown Pin: Pin D3-7
Add Pin To Net: Unknown Pin: Pin D3-8
Add Pin To Net: Unknown Pin: Pin D3-9
Add Pin To Net: Unknown Pin: Pin D3-10
Add Pin To Net: Unknown Pin: Pin D3-11
Add Pin To Net: Unknown Pin: Pin D3-12
Add Pin To Net: Unknown Pin: Pin D3-14
Add Pin To Net: Unknown Pin: Pin D3-15
Add Pin To Net: Unknown Pin: Pin D3-16
Add Pin To Net: Unknown Pin: Pin D3-17
Add Pin To Net: Unknown Pin: Pin D3-19
Add Pin To Net: Unknown Pin: Pin D3-20
Add Pin To Net: Unknown Pin: Pin E?-1
Add Pin To Net: Unknown Pin: Pin E?-A
Add Pin To Net: Unknown Pin: Pin E?-B
Add Pin To Net: Unknown Pin: Pin E?-C
Add Pin To Net: Unknown Pin: Pin Q1-B
Add Pin To Net: Unknown Pin: Pin Q1-C
Add Pin To Net: Unknown Pin: Pin Q1-E
Add Pin To Net: Unknown Pin: Pin Q2-B
Add Pin To Net: Unknown Pin: Pin Q2-C
Add Pin To Net: Unknown Pin: Pin Q2-E
Add Pin To Net: Unknown Pin: Pin Q3-B
Add Pin To Net: Unknown Pin: Pin Q3-C
Add Pin To Net: Unknown Pin: Pin Q3-E
Add Pin To Net: Unknown Pin: Pin Q4-B
Add Pin To Net: Unknown Pin: Pin Q4-C
Add Pin To Net: Unknown Pin: Pin Q4-E
Add Pin To Net: Unknown Pin: Pin Q5-B
Add Pin To Net: Unknown Pin: Pin Q5-C
Add Pin To Net: Unknown Pin: Pin Q5-E
Add Pin To Net: Unknown Pin: Pin Q6-B
Add Pin To Net: Unknown Pin: Pin Q6-C
Add Pin To Net: Unknown Pin: Pin Q6-E
Add Pin To Net: Unknown Pin: Pin R1-1
Add Pin To Net: Unknown Pin: Pin R1-2
Add Pin To Net: Unknown Pin: Pin R2-1
Add Pin To Net: Unknown Pin: Pin R2-2
Add Pin To Net: Unknown Pin: Pin R3-1
Add Pin To Net: Unknown Pin: Pin R3-2
Add Pin To Net: Unknown Pin: Pin R4-1
Add Pin To Net: Unknown Pin: Pin R4-2
Add Pin To Net: Unknown Pin: Pin R5-1
Add Pin To Net: Unknown Pin: Pin R5-2
Add Pin To Net: Unknown Pin: Pin R6-1
Add Pin To Net: Unknown Pin: Pin R6-2
Add Pin To Net: Unknown Pin: Pin R7-1
Add Pin To Net: Unknown Pin: Pin R7-2
Add Pin To Net: Unknown Pin: Pin R8-1
Add Pin To Net: Unknown Pin: Pin R8-2
Add Pin To Net: Unknown Pin: Pin R9-1
Add Pin To Net: Unknown Pin: Pin R9-2
Add Pin To Net: Unknown Pin: Pin R10-1
Add Pin To Net: Unknown Pin: Pin R10-2
Add Pin To Net: Unknown Pin: Pin R11-1
Add Pin To Net: Unknown Pin: Pin R11-2
Add Pin To Net: Unknown Pin: Pin R12-1
Add Pin To Net: Unknown Pin: Pin R12-2
Add Pin To Net: Unknown Pin: Pin R13-1
Add Pin To Net: Unknown Pin: Pin R13-2
Add Pin To Net: Unknown Pin: Pin R14-1
Add Pin To Net: Unknown Pin: Pin R14-2
Add Pin To Net: Unknown Pin: Pin R?-1
Add Pin To Net: Unknown Pin: Pin R?-1
Add Pin To Net: Unknown Pin: Pin R?-1
Add Pin To Net: Unknown Pin: Pin R?-1
Add Pin To Net: Unknown Pin: Pin R?-1
Add Pin To Net: Unknown Pin: Pin R?-1
Add Pin To Net: Unknown Pin: Pin R?-1
Add Pin To Net: Unknown Pin: Pin R?-1
Add Pin To Net: Unknown Pin: Pin R?-1
Add Pin To Net: Unknown Pin: Pin R?-2
Add Pin To Net: Unknown Pin: Pin R?-2
Add Pin To Net: Unknown Pin: Pin R?-2
Add Pin To Net: Unknown Pin: Pin R?-2
Add Pin To Net: Unknown Pin: Pin R?-2
Add Pin To Net: Unknown Pin: Pin R?-2
Add Pin To Net: Unknown Pin: Pin S?-1
Add Pin To Net: Unknown Pin: Pin S?-2
Add Pin To Net: Unknown Pin: Pin TP?-1
Add Pin To Net: Unknown Pin: Pin TP?-1
Add Net: Net with name "NetC?_2" already exists
Add Net: Net with name "NetC?_2" already exists
Add Net: Net with name "NetC?_2" already exists
Added Class: Name=[01] - BLOCK DIAGRAM
Added Member To Class: ClassName=Designator Member=Component A1 ESP32-S3-WROOM-1
Add Class Member: Failed to add class member : Component A? ESP-07
Add Class Member: Failed to add class member : Component C? 100n
Add Class Member: Failed to add class member : Component C? 100n
Add Class Member: Failed to add class member : Component C? 100n
Add Class Member: Failed to add class member : Component C? 100n
Add Class Member: Failed to add class member : Component C? 100n
Add Class Member: Failed to add class member : Component C? 100n
Add Class Member: Failed to add class member : Component D1 KCDA04-105
Add Class Member: Failed to add class member : Component D2 KCDA04-105
Add Class Member: Failed to add class member : Component D3 KCDA04-105
Add Class Member: Failed to add class member : Component E? PEC11S-929K-S0015
Add Class Member: Failed to add class member : Component P? UJ31-CH-31N-SMT-TR
Add Class Member: Failed to add class member : Component Q1 BC847CW,115
Add Class Member: Failed to add class member : Component Q2 BC847CW,115
Add Class Member: Failed to add class member : Component Q3 BC847CW,115
Add Class Member: Failed to add class member : Component Q4 BC847CW,115
Add Class Member: Failed to add class member : Component Q5 BC847CW,115
Add Class Member: Failed to add class member : Component Q6 BC847CW,115
Add Class Member: Failed to add class member : Component R1 ?k
Add Class Member: Failed to add class member : Component R2 ?k
Add Class Member: Failed to add class member : Component R3 ?k
Add Class Member: Failed to add class member : Component R4 ?k
Add Class Member: Failed to add class member : Component R5 ?k
Add Class Member: Failed to add class member : Component R6 ?k
Add Class Member: Failed to add class member : Component R7 150
Add Class Member: Failed to add class member : Component R8 150
Add Class Member: Failed to add class member : Component R9 150
Add Class Member: Failed to add class member : Component R10 150
Add Class Member: Failed to add class member : Component R11 150
Add Class Member: Failed to add class member : Component R12 150
Add Class Member: Failed to add class member : Component R13 150
Add Class Member: Failed to add class member : Component R14 150
Add Class Member: Failed to add class member : Component R? 10k
Add Class Member: Failed to add class member : Component R? 10k
Add Class Member: Failed to add class member : Component R? 10k
Add Class Member: Failed to add class member : Component R? 10k
Add Class Member: Failed to add class member : Component R? 10k
Add Class Member: Failed to add class member : Component R? 10k
Add Class Member: Failed to add class member : Component R? 10k
Add Class Member: Failed to add class member : Component R? 10k
Add Class Member: Failed to add class member : Component R? 10k
Add Class Member: Failed to add class member : Component S? PTS525SM15SMTR2 LFS
Add Class Member: Failed to add class member : Component TP? Test Point
Add Class Member: Failed to add class member : Component TP? Test Point
Change Room Name: Old Name=Designator_2 New Name=[01] - BLOCK DIAGRAM
Change Room Scope: Old Scope=InComponentClass('Designator') New Scope=InComponentClass('[01] - BLOCK DIAGRAM')
Change Room Name: Old Name=Designator_3 New Name=Designator
Added Room: Name=Designator
Added Room: Name=Designator
